Build started 3/10/2012 1:17:39 PM.
     1>Project "d:\TankFieldProject\TankField\TankField\TankField.vcxproj" on node 2 (build target(s)).
     1>InitializeBuildStatus:
         Creating "Debug\TankField.unsuccessfulbuild" because "AlwaysCreate" was specified.
       ClCompile:
         c:\Program Files\Microsoft Visual Studio 10.0\VC\bin\CL.exe /c /ZI /nologo /W3 /WX- /Od /Oy- /D _MBCS /Gm /EHsc /RTC1 /MDd /GS /fp:precise /Zc:wchar_t /Zc:forScope /Fo"Debug\\" /Fd"Debug\vc100.pdb" /Gd /TP /analyze- /errorReport:prompt main.cpp
         main.cpp
       Link:
         c:\Program Files\Microsoft Visual Studio 10.0\VC\bin\link.exe /ERRORREPORT:PROMPT /OUT:"d:\TankFieldProject\TankField\Debug\TankField.exe" /NOLOGO SDL.lib SDLmain.lib SDL_image.lib SDL_ttf.lib kernel32.lib user32.lib gdi32.lib winspool.lib comdlg32.lib advapi32.lib shell32.lib ole32.lib oleaut32.lib uuid.lib odbc32.lib odbccp32.lib /MANIFEST /ManifestFile:"Debug\TankField.exe.intermediate.manifest" /MANIFESTUAC:"level='asInvoker' uiAccess='false'" /DEBUG /PDB:"d:\TankFieldProject\TankField\Debug\TankField.pdb" /SUBSYSTEM:WINDOWS /TLBID:1 /DYNAMICBASE /NXCOMPAT /IMPLIB:"d:\TankFieldProject\TankField\Debug\TankField.lib" /MACHINE:X86 Debug\Application.obj
         Debug\main.obj
         LINK : d:\TankFieldProject\TankField\Debug\TankField.exe not found or not built by the last incremental link; performing full link
     1>MSVCRTD.lib(cinitexe.obj) : warning LNK4098: defaultlib 'libcmt.lib' conflicts with use of other libs; use /NODEFAULTLIB:library
     1>SDLmain.lib(SDL_win32_main.obj) : warning LNK4099: PDB 'vc100.pdb' was not found with 'SDLmain.lib(SDL_win32_main.obj)' or at 'd:\TankFieldProject\TankField\Debug\vc100.pdb'; linking object as if no debug info
         TankField.vcxproj -> d:\TankFieldProject\TankField\Debug\TankField.exe
       Manifest:
         C:\Program Files\Microsoft SDKs\Windows\v7.0A\bin\mt.exe /nologo /verbose /outputresource:"d:\TankFieldProject\TankField\Debug\TankField.exe;#1" /manifest Debug\TankField.exe.intermediate.manifest
       FinalizeBuildStatus:
         Deleting file "Debug\TankField.unsuccessfulbuild".
         Touching "Debug\TankField.lastbuildstate".
     1>Done Building Project "d:\TankFieldProject\TankField\TankField\TankField.vcxproj" (build target(s)).

Build succeeded.

Time Elapsed 00:00:02.45
